<?xml version="1.0" encoding="UTF-8"?>
<!-- Generated by org.testng.reporters.JUnitReportReporter -->
<testsuite hostname="SAGAR" name="com.jbk.Calculator.MainClass" tests="4" failures="0" timestamp="20 Aug 2019 15:40:57 GMT" time="15.412" errors="0">
  <testcase name="multiplication" time="3.679" classname="com.jbk.Calculator.MainClass"/>
  <testcase name="division" time="3.712" classname="com.jbk.Calculator.MainClass"/>
  <testcase name="addition" time="3.898" classname="com.jbk.Calculator.MainClass"/>
  <testcase name="subtraction" time="4.123" classname="com.jbk.Calculator.MainClass"/>
</testsuite> <!-- com.jbk.Calculator.MainClass -->
