<?xml version="1.0" encoding="UTF-8"?>
<!-- Generated by org.testng.reporters.JUnitReportReporter -->
<testsuite hostname="SAGAR" name="com.jbk.Calculator.NewTest" tests="1" failures="0" timestamp="20 Aug 2019 08:42:50 GMT" time="0.002" errors="0">
  <testcase name="f" time="0.002" classname="com.jbk.Calculator.NewTest"/>
</testsuite> <!-- com.jbk.Calculator.NewTest -->
